0 verbose cli /usr/local/bin/node /usr/local/bin/npm
1 info using npm@8.11.0
2 info using node@v16.16.0
3 timing npm:load:whichnode Completed in 0ms
4 timing config:load:defaults Completed in 4ms
5 timing config:load:file:/usr/local/lib/node_modules/npm/npmrc Completed in 1ms
6 timing config:load:builtin Completed in 1ms
7 warn config production Use `--omit=dev` instead.
8 timing config:load:cli Completed in 4ms
9 timing config:load:env Completed in 0ms
10 timing config:load:file:/data/.npmrc Completed in 1ms
11 timing config:load:project Completed in 18ms
12 timing config:load:file:/usr/src/node-red/.npmrc Completed in 1ms
13 timing config:load:user Completed in 1ms
14 timing config:load:file:/usr/local/etc/npmrc Completed in 4ms
15 timing config:load:global Completed in 5ms
16 timing config:load:validate Completed in 1ms
17 timing config:load:credentials Completed in 3ms
18 timing config:load:setEnvs Completed in 2ms
19 timing config:load Completed in 40ms
20 timing npm:load:configload Completed in 41ms
21 timing npm:load:mkdirpcache Completed in 13ms
22 timing npm:load:mkdirplogs Completed in 12ms
23 verbose title npm install dashboard-evi@1.0.2
24 verbose argv "install" "--no-audit" "--no-update-notifier" "--no-fund" "--save" "--save-prefix" "~" "--production" "--engine-strict" "dashboard-evi@1.0.2"
25 timing npm:load:setTitle Completed in 2ms
26 timing config:load:flatten Completed in 5ms
27 timing npm:load:display Completed in 10ms
28 verbose logfile logs-max:10 dir:/data/.npm/_logs
29 verbose logfile /data/.npm/_logs/2023-05-06T22_49_08_319Z-debug-0.log
30 timing npm:load:logFile Completed in 32ms
31 timing npm:load:timers Completed in 0ms
32 timing npm:load:configScope Completed in 0ms
33 timing npm:load Completed in 111ms
34 timing arborist:ctor Completed in 0ms
35 silly logfile done cleaning log files
36 timing arborist:ctor Completed in 0ms
37 timing idealTree:init Completed in 25ms
38 timing idealTree:userRequests Completed in 6ms
39 silly idealTree buildDeps
40 silly fetch manifest dashboard-evi@1.0.2
41 http fetch GET 200 https://registry.npmjs.org/dashboard-evi 1319ms (cache miss)
42 silly placeDep ROOT dashboard-evi@1.0.2 OK for: node-red-project@0.0.1 want: 1.0.2
43 silly fetch manifest compression@^1.7.4
44 silly fetch manifest gridstack@^0.6.4
45 silly fetch manifest serve-static@^1.14.1
46 silly fetch manifest socket.io@~2.4.1
47 http fetch GET 200 https://registry.npmjs.org/compression 195ms (cache miss)
48 http fetch GET 200 https://registry.npmjs.org/serve-static 1081ms (cache miss)
49 http fetch GET 200 https://registry.npmjs.org/socket.io 1083ms (cache miss)
50 http fetch GET 200 https://registry.npmjs.org/gridstack 1402ms (cache miss)
51 timing idealTree:#root Completed in 2744ms
52 silly placeDep ROOT compression@1.7.4 OK for: dashboard-evi@1.0.2 want: ^1.7.4
53 silly placeDep ROOT gridstack@0.6.4 OK for: dashboard-evi@1.0.2 want: ^0.6.4
54 silly placeDep ROOT serve-static@1.15.0 OK for: dashboard-evi@1.0.2 want: ^1.14.1
55 silly placeDep ROOT socket.io@2.4.1 OK for: dashboard-evi@1.0.2 want: ~2.4.1
56 silly fetch manifest accepts@~1.3.5
57 silly fetch manifest bytes@3.0.0
58 silly fetch manifest compressible@~2.0.16
59 silly fetch manifest debug@2.6.9
60 silly fetch manifest on-headers@~1.0.2
61 silly fetch manifest safe-buffer@5.1.2
62 silly fetch manifest vary@~1.1.2
63 silly fetch manifest jquery@^1.8 || 2 || 3
64 silly fetch manifest encodeurl@~1.0.2
65 silly fetch manifest escape-html@~1.0.3
66 silly fetch manifest parseurl@~1.3.3
67 silly fetch manifest send@0.18.0
68 silly fetch manifest debug@~4.1.0
69 silly fetch manifest engine.io@~3.5.0
70 silly fetch manifest has-binary2@~1.0.2
71 silly fetch manifest socket.io-adapter@~1.1.0
72 silly fetch manifest socket.io-client@2.4.0
73 silly fetch manifest socket.io-parser@~3.4.0
74 http fetch GET 200 https://registry.npmjs.org/bytes 171ms (cache miss)
75 http fetch GET 200 https://registry.npmjs.org/accepts 235ms (cache miss)
76 http fetch GET 200 https://registry.npmjs.org/debug 236ms (cache miss)
77 http fetch GET 200 https://registry.npmjs.org/encodeurl 537ms (cache miss)
78 http fetch GET 200 https://registry.npmjs.org/escape-html 539ms (cache miss)
79 http fetch GET 200 https://registry.npmjs.org/on-headers 545ms (cache miss)
80 http fetch GET 200 https://registry.npmjs.org/parseurl 547ms (cache miss)
81 http fetch GET 200 https://registry.npmjs.org/socket.io-parser 544ms (cache miss)
82 http fetch GET 200 https://registry.npmjs.org/vary 553ms (cache miss)
83 http fetch GET 200 https://registry.npmjs.org/safe-buffer 560ms (cache miss)
84 http fetch GET 200 https://registry.npmjs.org/debug 625ms (cache miss)
85 http fetch GET 200 https://registry.npmjs.org/send 629ms (cache miss)
86 http fetch GET 200 https://registry.npmjs.org/compressible 639ms (cache miss)
87 http fetch GET 200 https://registry.npmjs.org/jquery 649ms (cache miss)
88 http fetch GET 200 https://registry.npmjs.org/socket.io-adapter 647ms (cache miss)
89 http fetch GET 200 https://registry.npmjs.org/engine.io 715ms (cache miss)
90 http fetch GET 200 https://registry.npmjs.org/has-binary2 722ms (cache miss)
91 http fetch GET 200 https://registry.npmjs.org/socket.io-client 754ms (cache miss)
92 timing idealTree:node_modules/dashboard-evi Completed in 777ms
93 silly placeDep ROOT accepts@1.3.8 OK for: compression@1.7.4 want: ~1.3.5
94 silly placeDep ROOT bytes@3.0.0 OK for: compression@1.7.4 want: 3.0.0
95 silly placeDep ROOT compressible@2.0.18 OK for: compression@1.7.4 want: ~2.0.16
96 silly placeDep ROOT debug@2.6.9 OK for: compression@1.7.4 want: 2.6.9
97 silly placeDep ROOT on-headers@1.0.2 OK for: compression@1.7.4 want: ~1.0.2
98 silly placeDep ROOT safe-buffer@5.1.2 OK for: compression@1.7.4 want: 5.1.2
99 silly placeDep ROOT vary@1.1.2 OK for: compression@1.7.4 want: ~1.1.2
100 silly fetch manifest mime-types@~2.1.34
101 silly fetch manifest negotiator@0.6.3
102 silly fetch manifest mime-db@>= 1.43.0 < 2
103 silly fetch manifest ms@2.0.0
104 http fetch GET 200 https://registry.npmjs.org/negotiator 154ms (cache miss)
105 http fetch GET 200 https://registry.npmjs.org/ms 154ms (cache miss)
106 http fetch GET 200 https://registry.npmjs.org/mime-db 221ms (cache miss)
107 http fetch GET 200 https://registry.npmjs.org/mime-types 228ms (cache miss)
108 timing idealTree:node_modules/compression Completed in 247ms
109 silly placeDep ROOT mime-types@2.1.35 OK for: accepts@1.3.8 want: ~2.1.34
110 silly placeDep ROOT negotiator@0.6.3 OK for: accepts@1.3.8 want: 0.6.3
111 silly fetch manifest mime-db@1.52.0
112 timing idealTree:node_modules/accepts Completed in 5ms
113 timing idealTree:node_modules/bytes Completed in 0ms
114 silly placeDep ROOT mime-db@1.52.0 OK for: compressible@2.0.18 want: >= 1.43.0 < 2
115 timing idealTree:node_modules/compressible Completed in 2ms
116 silly placeDep ROOT ms@2.0.0 OK for: debug@2.6.9 want: 2.0.0
117 timing idealTree:node_modules/debug Completed in 1ms
118 silly placeDep ROOT jquery@3.6.4 OK for: gridstack@0.6.4 want: ^1.8 || 2 || 3
119 timing idealTree:node_modules/gridstack Completed in 2ms
120 timing idealTree:node_modules/jquery Completed in 0ms
121 timing idealTree:node_modules/mime-db Completed in 0ms
122 timing idealTree:node_modules/mime-types Completed in 0ms
123 timing idealTree:node_modules/ms Completed in 0ms
124 timing idealTree:node_modules/negotiator Completed in 0ms
125 timing idealTree:node_modules/on-headers Completed in 0ms
126 timing idealTree:node_modules/safe-buffer Completed in 0ms
127 silly placeDep ROOT encodeurl@1.0.2 OK for: serve-static@1.15.0 want: ~1.0.2
128 silly placeDep ROOT escape-html@1.0.3 OK for: serve-static@1.15.0 want: ~1.0.3
129 silly placeDep ROOT parseurl@1.3.3 OK for: serve-static@1.15.0 want: ~1.3.3
130 silly placeDep ROOT send@0.18.0 OK for: serve-static@1.15.0 want: 0.18.0
131 silly fetch manifest depd@2.0.0
132 silly fetch manifest destroy@1.2.0
133 silly fetch manifest etag@~1.8.1
134 silly fetch manifest fresh@0.5.2
135 silly fetch manifest http-errors@2.0.0
136 silly fetch manifest mime@1.6.0
137 silly fetch manifest ms@2.1.3
138 silly fetch manifest on-finished@2.4.1
139 silly fetch manifest range-parser@~1.2.1
140 silly fetch manifest statuses@2.0.1
141 http fetch GET 200 https://registry.npmjs.org/fresh 226ms (cache miss)
142 http fetch GET 200 https://registry.npmjs.org/range-parser 232ms (cache miss)
143 http fetch GET 200 https://registry.npmjs.org/depd 255ms (cache miss)
144 http fetch GET 200 https://registry.npmjs.org/etag 262ms (cache miss)
145 http fetch GET 200 https://registry.npmjs.org/on-finished 261ms (cache miss)
146 http fetch GET 200 https://registry.npmjs.org/destroy 272ms (cache miss)
147 http fetch GET 200 https://registry.npmjs.org/http-errors 271ms (cache miss)
148 http fetch GET 200 https://registry.npmjs.org/statuses 273ms (cache miss)
149 http fetch GET 200 https://registry.npmjs.org/mime 519ms (cache miss)
150 timing idealTree:node_modules/serve-static Completed in 532ms
151 timing idealTree:node_modules/encodeurl Completed in 0ms
152 timing idealTree:node_modules/escape-html Completed in 0ms
153 timing idealTree:node_modules/parseurl Completed in 0ms
154 silly placeDep ROOT depd@2.0.0 OK for: send@0.18.0 want: 2.0.0
155 silly placeDep ROOT destroy@1.2.0 OK for: send@0.18.0 want: 1.2.0
156 silly placeDep ROOT etag@1.8.1 OK for: send@0.18.0 want: ~1.8.1
157 silly placeDep ROOT fresh@0.5.2 OK for: send@0.18.0 want: 0.5.2
158 silly placeDep ROOT http-errors@2.0.0 OK for: send@0.18.0 want: 2.0.0
159 silly placeDep ROOT mime@1.6.0 OK for: send@0.18.0 want: 1.6.0
160 silly placeDep node_modules/send ms@2.1.3 OK for: send@0.18.0 want: 2.1.3
161 silly placeDep ROOT on-finished@2.4.1 OK for: send@0.18.0 want: 2.4.1
162 silly placeDep ROOT range-parser@1.2.1 OK for: send@0.18.0 want: ~1.2.1
163 silly placeDep ROOT statuses@2.0.1 OK for: send@0.18.0 want: 2.0.1
164 silly fetch manifest inherits@2.0.4
165 silly fetch manifest setprototypeof@1.2.0
166 silly fetch manifest toidentifier@1.0.1
167 silly fetch manifest ee-first@1.1.1
168 http fetch GET 200 https://registry.npmjs.org/ee-first 177ms (cache miss)
169 http fetch GET 200 https://registry.npmjs.org/inherits 181ms (cache miss)
170 http fetch GET 200 https://registry.npmjs.org/toidentifier 180ms (cache miss)
171 http fetch GET 200 https://registry.npmjs.org/setprototypeof 184ms (cache miss)
172 timing idealTree:node_modules/send Completed in 206ms
173 timing idealTree:node_modules/depd Completed in 0ms
174 timing idealTree:node_modules/destroy Completed in 0ms
175 timing idealTree:node_modules/etag Completed in 0ms
176 timing idealTree:node_modules/fresh Completed in 0ms
177 silly placeDep ROOT inherits@2.0.4 OK for: http-errors@2.0.0 want: 2.0.4
178 silly placeDep ROOT setprototypeof@1.2.0 OK for: http-errors@2.0.0 want: 1.2.0
179 silly placeDep ROOT toidentifier@1.0.1 OK for: http-errors@2.0.0 want: 1.0.1
180 timing idealTree:node_modules/http-errors Completed in 5ms
181 timing idealTree:node_modules/inherits Completed in 0ms
182 timing idealTree:node_modules/mime Completed in 0ms
183 silly placeDep ROOT ee-first@1.1.1 OK for: on-finished@2.4.1 want: 1.1.1
184 timing idealTree:node_modules/on-finished Completed in 1ms
185 timing idealTree:node_modules/ee-first Completed in 0ms
186 timing idealTree:node_modules/range-parser Completed in 0ms
187 timing idealTree:node_modules/setprototypeof Completed in 0ms
188 silly placeDep node_modules/socket.io debug@4.1.1 OK for: socket.io@2.4.1 want: ~4.1.0
189 silly placeDep ROOT engine.io@3.5.0 OK for: socket.io@2.4.1 want: ~3.5.0
190 silly placeDep ROOT has-binary2@1.0.3 OK for: socket.io@2.4.1 want: ~1.0.2
191 silly placeDep ROOT socket.io-adapter@1.1.2 OK for: socket.io@2.4.1 want: ~1.1.0
192 silly placeDep ROOT socket.io-client@2.4.0 OK for: socket.io@2.4.1 want: 2.4.0
193 silly placeDep ROOT socket.io-parser@3.4.2 OK for: socket.io@2.4.1 want: ~3.4.0
194 silly fetch manifest ms@^2.1.1
195 silly fetch manifest base64id@2.0.0
196 silly fetch manifest cookie@~0.4.1
197 silly fetch manifest engine.io-parser@~2.2.0
198 silly fetch manifest ws@~7.4.2
199 silly fetch manifest isarray@2.0.1
200 silly fetch manifest backo2@1.0.2
201 silly fetch manifest component-bind@1.0.0
202 silly fetch manifest component-emitter@~1.3.0
203 silly fetch manifest debug@~3.1.0
204 silly fetch manifest engine.io-client@~3.5.0
205 silly fetch manifest indexof@0.0.1
206 silly fetch manifest parseqs@0.0.6
207 silly fetch manifest parseuri@0.0.6
208 silly fetch manifest socket.io-parser@~3.3.0
209 silly fetch manifest to-array@0.1.4
210 silly fetch manifest component-emitter@1.2.1
211 http fetch GET 200 https://registry.npmjs.org/base64id 296ms (cache miss)
212 http fetch GET 200 https://registry.npmjs.org/to-array 281ms (cache miss)
213 http fetch GET 200 https://registry.npmjs.org/component-emitter 281ms (cache miss)
214 http fetch GET 200 https://registry.npmjs.org/component-emitter 291ms (cache miss)
215 http fetch GET 200 https://registry.npmjs.org/component-bind 294ms (cache miss)
216 http fetch GET 200 https://registry.npmjs.org/indexof 294ms (cache miss)
217 http fetch GET 200 https://registry.npmjs.org/cookie 309ms (cache miss)
218 http fetch GET 200 https://registry.npmjs.org/parseqs 301ms (cache miss)
219 http fetch GET 200 https://registry.npmjs.org/engine.io-parser 314ms (cache miss)
220 http fetch GET 200 https://registry.npmjs.org/ws 333ms (cache miss)
221 http fetch GET 200 https://registry.npmjs.org/backo2 591ms (cache miss)
222 http fetch GET 200 https://registry.npmjs.org/parseuri 589ms (cache miss)
223 http fetch GET 200 https://registry.npmjs.org/isarray 597ms (cache miss)
224 http fetch GET 200 https://registry.npmjs.org/engine.io-client 684ms (cache miss)
225 timing idealTree:node_modules/socket.io Completed in 724ms
226 silly fetch manifest bufferutil@^4.0.1
227 http fetch GET 200 https://registry.npmjs.org/bufferutil 282ms (cache miss)
228 silly fetch manifest utf-8-validate@^5.0.2
229 http fetch GET 200 https://registry.npmjs.org/utf-8-validate 172ms (cache miss)
230 silly placeDep ROOT base64id@2.0.0 OK for: engine.io@3.5.0 want: 2.0.0
231 silly placeDep ROOT cookie@0.4.2 OK for: engine.io@3.5.0 want: ~0.4.1
232 silly placeDep node_modules/engine.io debug@4.1.1 OK for: engine.io@3.5.0 want: ~4.1.0
233 silly placeDep ROOT engine.io-parser@2.2.1 OK for: engine.io@3.5.0 want: ~2.2.0
234 silly placeDep ROOT ws@7.4.6 OK for: engine.io@3.5.0 want: ~7.4.2
235 silly fetch manifest after@0.8.2
236 silly fetch manifest arraybuffer.slice@~0.0.7
237 silly fetch manifest base64-arraybuffer@0.1.4
238 silly fetch manifest blob@0.0.5
239 http fetch GET 200 https://registry.npmjs.org/after 541ms (cache miss)
240 http fetch GET 200 https://registry.npmjs.org/arraybuffer.slice 652ms (cache miss)
241 http fetch GET 200 https://registry.npmjs.org/blob 657ms (cache miss)
242 http fetch GET 200 https://registry.npmjs.org/base64-arraybuffer 664ms (cache miss)
243 timing idealTree:node_modules/engine.io Completed in 1147ms
244 timing idealTree:node_modules/base64id Completed in 0ms
245 timing idealTree:node_modules/cookie Completed in 0ms
246 silly placeDep ROOT after@0.8.2 OK for: engine.io-parser@2.2.1 want: 0.8.2
247 silly placeDep ROOT arraybuffer.slice@0.0.7 OK for: engine.io-parser@2.2.1 want: ~0.0.7
248 silly placeDep ROOT base64-arraybuffer@0.1.4 OK for: engine.io-parser@2.2.1 want: 0.1.4
249 silly placeDep ROOT blob@0.0.5 OK for: engine.io-parser@2.2.1 want: 0.0.5
250 timing idealTree:node_modules/engine.io-parser Completed in 15ms
251 timing idealTree:node_modules/after Completed in 0ms
252 timing idealTree:node_modules/arraybuffer.slice Completed in 0ms
253 timing idealTree:node_modules/base64-arraybuffer Completed in 0ms
254 timing idealTree:node_modules/blob Completed in 0ms
255 silly placeDep ROOT isarray@2.0.1 OK for: has-binary2@1.0.3 want: 2.0.1
256 timing idealTree:node_modules/has-binary2 Completed in 3ms
257 timing idealTree:node_modules/isarray Completed in 0ms
258 timing idealTree:node_modules/socket.io-adapter Completed in 0ms
259 silly placeDep ROOT backo2@1.0.2 OK for: socket.io-client@2.4.0 want: 1.0.2
260 silly placeDep ROOT component-bind@1.0.0 OK for: socket.io-client@2.4.0 want: 1.0.0
261 silly placeDep ROOT component-emitter@1.3.0 OK for: socket.io-client@2.4.0 want: ~1.3.0
262 silly placeDep node_modules/socket.io-client debug@3.1.0 OK for: socket.io-client@2.4.0 want: ~3.1.0
263 silly placeDep ROOT engine.io-client@3.5.3 OK for: socket.io-client@2.4.0 want: ~3.5.0
264 silly placeDep ROOT indexof@0.0.1 OK for: socket.io-client@2.4.0 want: 0.0.1
265 silly placeDep ROOT parseqs@0.0.6 OK for: socket.io-client@2.4.0 want: 0.0.6
266 silly placeDep ROOT parseuri@0.0.6 OK for: socket.io-client@2.4.0 want: 0.0.6
267 silly placeDep node_modules/socket.io-client socket.io-parser@3.3.3 OK for: socket.io-client@2.4.0 want: ~3.3.0
268 silly placeDep ROOT to-array@0.1.4 OK for: socket.io-client@2.4.0 want: 0.1.4
269 silly fetch manifest component-inherit@0.0.3
270 silly fetch manifest has-cors@1.1.0
271 silly fetch manifest xmlhttprequest-ssl@~1.6.2
272 silly fetch manifest yeast@0.1.2
273 http fetch GET 200 https://registry.npmjs.org/has-cors 478ms (cache miss)
274 http fetch GET 200 https://registry.npmjs.org/yeast 854ms (cache miss)
275 http fetch GET 200 https://registry.npmjs.org/component-inherit 859ms (cache miss)
276 http fetch GET 200 https://registry.npmjs.org/xmlhttprequest-ssl 860ms (cache miss)
277 timing idealTree:node_modules/socket.io-client Completed in 888ms
278 timing idealTree:node_modules/backo2 Completed in 0ms
279 timing idealTree:node_modules/component-bind Completed in 0ms
280 timing idealTree:node_modules/component-emitter Completed in 0ms
281 silly placeDep ROOT component-inherit@0.0.3 OK for: engine.io-client@3.5.3 want: 0.0.3
282 silly placeDep node_modules/engine.io-client debug@3.1.0 OK for: engine.io-client@3.5.3 want: ~3.1.0
283 silly placeDep ROOT has-cors@1.1.0 OK for: engine.io-client@3.5.3 want: 1.1.0
284 silly placeDep ROOT xmlhttprequest-ssl@1.6.3 OK for: engine.io-client@3.5.3 want: ~1.6.2
285 silly placeDep ROOT yeast@0.1.2 OK for: engine.io-client@3.5.3 want: 0.1.2
286 timing idealTree:node_modules/engine.io-client Completed in 6ms
287 timing idealTree:node_modules/component-inherit Completed in 0ms
288 timing idealTree:node_modules/has-cors Completed in 0ms
289 timing idealTree:node_modules/indexof Completed in 0ms
290 timing idealTree:node_modules/parseqs Completed in 0ms
291 timing idealTree:node_modules/parseuri Completed in 0ms
292 silly placeDep node_modules/socket.io-parser component-emitter@1.2.1 OK for: socket.io-parser@3.4.2 want: 1.2.1
293 silly placeDep node_modules/socket.io-parser debug@4.1.1 OK for: socket.io-parser@3.4.2 want: ~4.1.0
294 timing idealTree:node_modules/socket.io-parser Completed in 3ms
295 timing idealTree:node_modules/statuses Completed in 0ms
296 timing idealTree:node_modules/to-array Completed in 0ms
297 timing idealTree:node_modules/toidentifier Completed in 0ms
298 timing idealTree:node_modules/vary Completed in 0ms
299 timing idealTree:node_modules/ws Completed in 0ms
300 timing idealTree:node_modules/xmlhttprequest-ssl Completed in 0ms
301 timing idealTree:node_modules/yeast Completed in 0ms
302 timing idealTree:node_modules/engine.io-client/node_modules/debug Completed in 0ms
303 silly placeDep node_modules/engine.io ms@2.1.3 OK for: debug@4.1.1 want: ^2.1.1
304 timing idealTree:node_modules/engine.io/node_modules/debug Completed in 1ms
305 timing idealTree:node_modules/engine.io/node_modules/ms Completed in 0ms
306 timing idealTree:node_modules/send/node_modules/ms Completed in 0ms
307 timing idealTree:node_modules/socket.io-client/node_modules/debug Completed in 0ms
308 timing idealTree:node_modules/socket.io-client/node_modules/socket.io-parser Completed in 0ms
309 timing idealTree:node_modules/socket.io-parser/node_modules/component-emitter Completed in 0ms
310 silly placeDep node_modules/socket.io-parser ms@2.1.3 OK for: debug@4.1.1 want: ^2.1.1
311 timing idealTree:node_modules/socket.io-parser/node_modules/debug Completed in 1ms
312 timing idealTree:node_modules/socket.io-parser/node_modules/ms Completed in 0ms
313 silly placeDep node_modules/socket.io ms@2.1.3 OK for: debug@4.1.1 want: ^2.1.1
314 timing idealTree:node_modules/socket.io/node_modules/debug Completed in 1ms
315 timing idealTree:node_modules/socket.io/node_modules/ms Completed in 0ms
316 timing idealTree:buildDeps Completed in 7339ms
317 timing idealTree:fixDepFlags Completed in 1ms
318 timing idealTree Completed in 7376ms
319 timing reify:loadTrees Completed in 7378ms
320 timing reify:diffTrees Completed in 3ms
321 silly reify moves {}
322 timing reify:retireShallow Completed in 1ms
323 timing reify:createSparse Completed in 146ms
324 timing reify:trashOmits Completed in 1ms
325 timing reify:loadBundles Completed in 0ms
326 silly tarball no local data for yeast@https://registry.npmjs.org/yeast/-/yeast-0.1.2.tgz. Extracting by manifest.
327 silly tarball no local data for has-cors@https://registry.npmjs.org/has-cors/-/has-cors-1.1.0.tgz. Extracting by manifest.
328 silly tarball no local data for xmlhttprequest-ssl@https://registry.npmjs.org/xmlhttprequest-ssl/-/xmlhttprequest-ssl-1.6.3.tgz. Extracting by manifest.
329 silly tarball no local data for to-array@https://registry.npmjs.org/to-array/-/to-array-0.1.4.tgz. Extracting by manifest.
330 silly tarball no local data for parseqs@https://registry.npmjs.org/parseqs/-/parseqs-0.0.6.tgz. Extracting by manifest.
331 silly tarball no local data for component-inherit@https://registry.npmjs.org/component-inherit/-/component-inherit-0.0.3.tgz. Extracting by manifest.
332 silly tarball no local data for indexof@https://registry.npmjs.org/indexof/-/indexof-0.0.1.tgz. Extracting by manifest.
333 silly tarball no local data for parseuri@https://registry.npmjs.org/parseuri/-/parseuri-0.0.6.tgz. Extracting by manifest.
334 silly tarball no local data for backo2@https://registry.npmjs.org/backo2/-/backo2-1.0.2.tgz. Extracting by manifest.
335 silly tarball no local data for blob@https://registry.npmjs.org/blob/-/blob-0.0.5.tgz. Extracting by manifest.
336 silly tarball no local data for component-emitter@https://registry.npmjs.org/component-emitter/-/component-emitter-1.3.0.tgz. Extracting by manifest.
337 silly tarball no local data for isarray@https://registry.npmjs.org/isarray/-/isarray-2.0.1.tgz. Extracting by manifest.
338 silly tarball no local data for engine.io-client@https://registry.npmjs.org/engine.io-client/-/engine.io-client-3.5.3.tgz. Extracting by manifest.
339 silly tarball no local data for after@https://registry.npmjs.org/after/-/after-0.8.2.tgz. Extracting by manifest.
340 silly tarball no local data for base64-arraybuffer@https://registry.npmjs.org/base64-arraybuffer/-/base64-arraybuffer-0.1.4.tgz. Extracting by manifest.
341 silly tarball no local data for arraybuffer.slice@https://registry.npmjs.org/arraybuffer.slice/-/arraybuffer.slice-0.0.7.tgz. Extracting by manifest.
342 silly tarball no local data for engine.io-parser@https://registry.npmjs.org/engine.io-parser/-/engine.io-parser-2.2.1.tgz. Extracting by manifest.
343 silly tarball no local data for base64id@https://registry.npmjs.org/base64id/-/base64id-2.0.0.tgz. Extracting by manifest.
344 silly tarball no local data for component-bind@https://registry.npmjs.org/component-bind/-/component-bind-1.0.0.tgz. Extracting by manifest.
345 silly tarball no local data for socket.io-parser@https://registry.npmjs.org/socket.io-parser/-/socket.io-parser-3.4.2.tgz. Extracting by manifest.
346 silly tarball no local data for ee-first@https://registry.npmjs.org/ee-first/-/ee-first-1.1.1.tgz. Extracting by manifest.
347 silly tarball no local data for socket.io-adapter@https://registry.npmjs.org/socket.io-adapter/-/socket.io-adapter-1.1.2.tgz. Extracting by manifest.
348 silly tarball no local data for ws@https://registry.npmjs.org/ws/-/ws-7.4.6.tgz. Extracting by manifest.
349 silly tarball no local data for has-binary2@https://registry.npmjs.org/has-binary2/-/has-binary2-1.0.3.tgz. Extracting by manifest.
350 silly tarball no local data for socket.io-client@https://registry.npmjs.org/socket.io-client/-/socket.io-client-2.4.0.tgz. Extracting by manifest.
351 silly tarball no local data for engine.io@https://registry.npmjs.org/engine.io/-/engine.io-3.5.0.tgz. Extracting by manifest.
352 silly tarball no local data for cookie@https://registry.npmjs.org/cookie/-/cookie-0.4.2.tgz. Extracting by manifest.
353 silly tarball no local data for toidentifier@https://registry.npmjs.org/toidentifier/-/toidentifier-1.0.1.tgz. Extracting by manifest.
354 silly tarball no local data for inherits@https://registry.npmjs.org/inherits/-/inherits-2.0.4.tgz. Extracting by manifest.
355 silly tarball no local data for range-parser@https://registry.npmjs.org/range-parser/-/range-parser-1.2.1.tgz. Extracting by manifest.
356 silly tarball no local data for statuses@https://registry.npmjs.org/statuses/-/statuses-2.0.1.tgz. Extracting by manifest.
357 silly tarball no local data for on-finished@https://registry.npmjs.org/on-finished/-/on-finished-2.4.1.tgz. Extracting by manifest.
358 silly tarball no local data for depd@https://registry.npmjs.org/depd/-/depd-2.0.0.tgz. Extracting by manifest.
359 silly tarball no local data for http-errors@https://registry.npmjs.org/http-errors/-/http-errors-2.0.0.tgz. Extracting by manifest.
360 silly tarball no local data for setprototypeof@https://registry.npmjs.org/setprototypeof/-/setprototypeof-1.2.0.tgz. Extracting by manifest.
361 silly tarball no local data for etag@https://registry.npmjs.org/etag/-/etag-1.8.1.tgz. Extracting by manifest.
362 silly tarball no local data for mime@https://registry.npmjs.org/mime/-/mime-1.6.0.tgz. Extracting by manifest.
363 silly tarball no local data for destroy@https://registry.npmjs.org/destroy/-/destroy-1.2.0.tgz. Extracting by manifest.
364 silly tarball no local data for parseurl@https://registry.npmjs.org/parseurl/-/parseurl-1.3.3.tgz. Extracting by manifest.
365 silly tarball no local data for fresh@https://registry.npmjs.org/fresh/-/fresh-0.5.2.tgz. Extracting by manifest.
366 silly tarball no local data for ms@https://registry.npmjs.org/ms/-/ms-2.0.0.tgz. Extracting by manifest.
367 silly tarball no local data for escape-html@https://registry.npmjs.org/escape-html/-/escape-html-1.0.3.tgz. Extracting by manifest.
368 silly tarball no local data for jquery@https://registry.npmjs.org/jquery/-/jquery-3.6.4.tgz. Extracting by manifest.
369 silly tarball no local data for mime-db@https://registry.npmjs.org/mime-db/-/mime-db-1.52.0.tgz. Extracting by manifest.
370 silly tarball no local data for encodeurl@https://registry.npmjs.org/encodeurl/-/encodeurl-1.0.2.tgz. Extracting by manifest.
371 silly tarball no local data for send@https://registry.npmjs.org/send/-/send-0.18.0.tgz. Extracting by manifest.
372 silly tarball no local data for vary@https://registry.npmjs.org/vary/-/vary-1.1.2.tgz. Extracting by manifest.
373 silly tarball no local data for negotiator@https://registry.npmjs.org/negotiator/-/negotiator-0.6.3.tgz. Extracting by manifest.
374 silly tarball no local data for mime-types@https://registry.npmjs.org/mime-types/-/mime-types-2.1.35.tgz. Extracting by manifest.
375 silly tarball no local data for debug@https://registry.npmjs.org/debug/-/debug-2.6.9.tgz. Extracting by manifest.
376 silly tarball no local data for bytes@https://registry.npmjs.org/bytes/-/bytes-3.0.0.tgz. Extracting by manifest.
377 silly tarball no local data for compressible@https://registry.npmjs.org/compressible/-/compressible-2.0.18.tgz. Extracting by manifest.
378 silly tarball no local data for on-headers@https://registry.npmjs.org/on-headers/-/on-headers-1.0.2.tgz. Extracting by manifest.
379 silly tarball no local data for socket.io@https://registry.npmjs.org/socket.io/-/socket.io-2.4.1.tgz. Extracting by manifest.
380 silly tarball no local data for dashboard-evi@https://registry.npmjs.org/dashboard-evi/-/dashboard-evi-1.0.2.tgz. Extracting by manifest.
381 silly tarball no local data for serve-static@https://registry.npmjs.org/serve-static/-/serve-static-1.15.0.tgz. Extracting by manifest.
382 silly tarball no local data for compression@https://registry.npmjs.org/compression/-/compression-1.7.4.tgz. Extracting by manifest.
383 silly tarball no local data for safe-buffer@https://registry.npmjs.org/safe-buffer/-/safe-buffer-5.1.2.tgz. Extracting by manifest.
384 silly tarball no local data for gridstack@https://registry.npmjs.org/gridstack/-/gridstack-0.6.4.tgz. Extracting by manifest.
385 silly tarball no local data for accepts@https://registry.npmjs.org/accepts/-/accepts-1.3.8.tgz. Extracting by manifest.
386 silly tarball no local data for ms@https://registry.npmjs.org/ms/-/ms-2.1.3.tgz. Extracting by manifest.
387 silly tarball no local data for debug@https://registry.npmjs.org/debug/-/debug-4.1.1.tgz. Extracting by manifest.
388 silly tarball no local data for socket.io-parser@https://registry.npmjs.org/socket.io-parser/-/socket.io-parser-3.3.3.tgz. Extracting by manifest.
389 silly tarball no local data for debug@https://registry.npmjs.org/debug/-/debug-3.1.0.tgz. Extracting by manifest.
390 silly tarball no local data for component-emitter@https://registry.npmjs.org/component-emitter/-/component-emitter-1.2.1.tgz. Extracting by manifest.
391 silly tarball no local data for ms@https://registry.npmjs.org/ms/-/ms-2.1.3.tgz. Extracting by manifest.
392 silly tarball no local data for debug@https://registry.npmjs.org/debug/-/debug-3.1.0.tgz. Extracting by manifest.
393 silly tarball no local data for debug@https://registry.npmjs.org/debug/-/debug-4.1.1.tgz. Extracting by manifest.
394 silly tarball no local data for debug@https://registry.npmjs.org/debug/-/debug-4.1.1.tgz. Extracting by manifest.
395 silly tarball no local data for ms@https://registry.npmjs.org/ms/-/ms-2.1.3.tgz. Extracting by manifest.
396 silly tarball no local data for ms@https://registry.npmjs.org/ms/-/ms-2.1.3.tgz. Extracting by manifest.
397 http fetch GET 200 https://registry.npmjs.org/has-cors/-/has-cors-1.1.0.tgz 2911ms (cache miss)
398 timing reifyNode:node_modules/has-cors Completed in 3169ms
399 http fetch GET 200 https://registry.npmjs.org/yeast/-/yeast-0.1.2.tgz 3278ms (cache miss)
400 timing reifyNode:node_modules/yeast Completed in 3526ms
401 http fetch GET 200 https://registry.npmjs.org/component-inherit/-/component-inherit-0.0.3.tgz 3394ms (cache miss)
402 timing reifyNode:node_modules/component-inherit Completed in 3668ms
403 http fetch GET 200 https://registry.npmjs.org/backo2/-/backo2-1.0.2.tgz 3456ms (cache miss)
404 timing reifyNode:node_modules/backo2 Completed in 3758ms
405 http fetch GET 200 https://registry.npmjs.org/after/-/after-0.8.2.tgz 3451ms (cache miss)
406 timing reifyNode:node_modules/after Completed in 3791ms
407 http fetch GET 200 https://registry.npmjs.org/base64-arraybuffer/-/base64-arraybuffer-0.1.4.tgz 3452ms (cache miss)
408 timing reifyNode:node_modules/base64-arraybuffer Completed in 3799ms
409 http fetch GET 200 https://registry.npmjs.org/isarray/-/isarray-2.0.1.tgz 3518ms (cache miss)
410 timing reifyNode:node_modules/isarray Completed in 3850ms
411 http fetch GET 200 https://registry.npmjs.org/to-array/-/to-array-0.1.4.tgz 3616ms (cache miss)
412 timing reifyNode:node_modules/to-array Completed in 3880ms
413 http fetch GET 200 https://registry.npmjs.org/parseqs/-/parseqs-0.0.6.tgz 3617ms (cache miss)
414 timing reifyNode:node_modules/parseqs Completed in 3884ms
415 http fetch GET 200 https://registry.npmjs.org/arraybuffer.slice/-/arraybuffer.slice-0.0.7.tgz 3586ms (cache miss)
416 timing reifyNode:node_modules/arraybuffer.slice Completed in 3949ms
417 http fetch GET 200 https://registry.npmjs.org/indexof/-/indexof-0.0.1.tgz 3703ms (cache miss)
418 timing reifyNode:node_modules/indexof Completed in 3997ms
419 http fetch GET 200 https://registry.npmjs.org/component-bind/-/component-bind-1.0.0.tgz 3678ms (cache miss)
420 timing reifyNode:node_modules/component-bind Completed in 4074ms
421 http fetch GET 200 https://registry.npmjs.org/component-emitter/-/component-emitter-1.3.0.tgz 3786ms (cache miss)
422 timing reifyNode:node_modules/component-emitter Completed in 4115ms
423 http fetch GET 200 https://registry.npmjs.org/setprototypeof/-/setprototypeof-1.2.0.tgz 3644ms (cache miss)
424 timing reifyNode:node_modules/setprototypeof Completed in 4149ms
425 http fetch GET 200 https://registry.npmjs.org/depd/-/depd-2.0.0.tgz 3708ms (cache miss)
426 timing reifyNode:node_modules/depd Completed in 4197ms
427 http fetch GET 200 https://registry.npmjs.org/parseuri/-/parseuri-0.0.6.tgz 3923ms (cache miss)
428 timing reifyNode:node_modules/parseuri Completed in 4222ms
429 http fetch GET 200 https://registry.npmjs.org/engine.io-parser/-/engine.io-parser-2.2.1.tgz 3883ms (cache miss)
430 timing reifyNode:node_modules/engine.io-parser Completed in 4248ms
431 http fetch GET 200 https://registry.npmjs.org/send/-/send-0.18.0.tgz 3681ms (cache miss)
432 timing reifyNode:node_modules/send Completed in 4268ms
433 http fetch GET 200 https://registry.npmjs.org/ee-first/-/ee-first-1.1.1.tgz 3901ms (cache miss)
434 timing reifyNode:node_modules/ee-first Completed in 4310ms
435 http fetch GET 200 https://registry.npmjs.org/socket.io-parser/-/socket.io-parser-3.4.2.tgz 3933ms (cache miss)
436 timing reifyNode:node_modules/socket.io-parser Completed in 4339ms
437 http fetch GET 200 https://registry.npmjs.org/cookie/-/cookie-0.4.2.tgz 3909ms (cache miss)
438 timing reifyNode:node_modules/cookie Completed in 4347ms
439 http fetch GET 200 https://registry.npmjs.org/vary/-/vary-1.1.2.tgz 3774ms (cache miss)
440 timing reifyNode:node_modules/vary Completed in 4386ms
441 http fetch GET 200 https://registry.npmjs.org/encodeurl/-/encodeurl-1.0.2.tgz 3821ms (cache miss)
442 timing reifyNode:node_modules/encodeurl Completed in 4404ms
443 http fetch GET 200 https://registry.npmjs.org/negotiator/-/negotiator-0.6.3.tgz 3815ms (cache miss)
444 timing reifyNode:node_modules/negotiator Completed in 4443ms
445 http fetch GET 200 https://registry.npmjs.org/accepts/-/accepts-1.3.8.tgz 3785ms (cache miss)
446 timing reifyNode:node_modules/accepts Completed in 4487ms
447 http fetch GET 200 https://registry.npmjs.org/ms/-/ms-2.1.3.tgz 3802ms (cache miss)
448 timing reifyNode:node_modules/socket.io-parser/node_modules/ms Completed in 4509ms
449 http fetch GET 200 https://registry.npmjs.org/base64id/-/base64id-2.0.0.tgz 4157ms (cache miss)
450 timing reifyNode:node_modules/base64id Completed in 4527ms
451 http fetch GET 200 https://registry.npmjs.org/component-emitter/-/component-emitter-1.2.1.tgz 3807ms (cache miss)
452 timing reifyNode:node_modules/socket.io-parser/node_modules/component-emitter Completed in 4538ms
453 http fetch GET 200 https://registry.npmjs.org/toidentifier/-/toidentifier-1.0.1.tgz 4111ms (cache miss)
454 timing reifyNode:node_modules/toidentifier Completed in 4563ms
455 http fetch GET 200 https://registry.npmjs.org/range-parser/-/range-parser-1.2.1.tgz 4102ms (cache miss)
456 timing reifyNode:node_modules/range-parser Completed in 4575ms
457 http fetch GET 200 https://registry.npmjs.org/inherits/-/inherits-2.0.4.tgz 4116ms (cache miss)
458 timing reifyNode:node_modules/inherits Completed in 4584ms
459 http fetch GET 200 https://registry.npmjs.org/http-errors/-/http-errors-2.0.0.tgz 4115ms (cache miss)
460 timing reifyNode:node_modules/http-errors Completed in 4610ms
461 http fetch GET 200 https://registry.npmjs.org/blob/-/blob-0.0.5.tgz 4297ms (cache miss)
462 http fetch GET 200 https://registry.npmjs.org/on-finished/-/on-finished-2.4.1.tgz 4154ms (cache miss)
463 timing reifyNode:node_modules/on-finished Completed in 4641ms
464 http fetch GET 200 https://registry.npmjs.org/fresh/-/fresh-0.5.2.tgz 4108ms (cache miss)
465 timing reifyNode:node_modules/fresh Completed in 4655ms
466 http fetch GET 200 https://registry.npmjs.org/statuses/-/statuses-2.0.1.tgz 4184ms (cache miss)
467 timing reifyNode:node_modules/statuses Completed in 4662ms
468 http fetch GET 200 https://registry.npmjs.org/socket.io-adapter/-/socket.io-adapter-1.1.2.tgz 4255ms (cache miss)
469 timing reifyNode:node_modules/socket.io-adapter Completed in 4672ms
470 http fetch GET 200 https://registry.npmjs.org/escape-html/-/escape-html-1.0.3.tgz 4141ms (cache miss)
471 timing reifyNode:node_modules/escape-html Completed in 4697ms
472 http fetch GET 200 https://registry.npmjs.org/ms/-/ms-2.0.0.tgz 4153ms (cache miss)
473 timing reifyNode:node_modules/ms Completed in 4705ms
474 http fetch GET 200 https://registry.npmjs.org/has-binary2/-/has-binary2-1.0.3.tgz 4293ms (cache miss)
475 timing reifyNode:node_modules/has-binary2 Completed in 4720ms
476 http fetch GET 200 https://registry.npmjs.org/ms/-/ms-2.1.3.tgz 3996ms (cache miss)
477 timing reifyNode:node_modules/engine.io/node_modules/ms Completed in 4751ms
478 http fetch GET 200 https://registry.npmjs.org/ms/-/ms-2.1.3.tgz 3968ms (cache miss)
479 timing reifyNode:node_modules/socket.io/node_modules/ms Completed in 4758ms
480 http fetch GET 200 https://registry.npmjs.org/ms/-/ms-2.1.3.tgz 3973ms (cache miss)
481 timing reifyNode:node_modules/send/node_modules/ms Completed in 4785ms
482 http fetch GET 200 https://registry.npmjs.org/destroy/-/destroy-1.2.0.tgz 4287ms (cache miss)
483 timing reifyNode:node_modules/destroy Completed in 4825ms
484 timing reifyNode:node_modules/blob Completed in 4843ms
485 http fetch GET 200 https://registry.npmjs.org/socket.io-parser/-/socket.io-parser-3.3.3.tgz 4130ms (cache miss)
486 timing reifyNode:node_modules/socket.io-client/node_modules/socket.io-parser Completed in 4851ms
487 http fetch GET 200 https://registry.npmjs.org/etag/-/etag-1.8.1.tgz 4371ms (cache miss)
488 timing reifyNode:node_modules/etag Completed in 4887ms
489 http fetch GET 200 https://registry.npmjs.org/safe-buffer/-/safe-buffer-5.1.2.tgz 4204ms (cache miss)
490 timing reifyNode:node_modules/safe-buffer Completed in 4896ms
491 http fetch GET 200 https://registry.npmjs.org/parseurl/-/parseurl-1.3.3.tgz 4360ms (cache miss)
492 timing reifyNode:node_modules/parseurl Completed in 4901ms
493 http fetch GET 200 https://registry.npmjs.org/on-headers/-/on-headers-1.0.2.tgz 4297ms (cache miss)
494 timing reifyNode:node_modules/on-headers Completed in 4945ms
495 http fetch GET 200 https://registry.npmjs.org/serve-static/-/serve-static-1.15.0.tgz 4293ms (cache miss)
496 timing reifyNode:node_modules/serve-static Completed in 4962ms
497 http fetch GET 200 https://registry.npmjs.org/bytes/-/bytes-3.0.0.tgz 4335ms (cache miss)
498 timing reifyNode:node_modules/bytes Completed in 4976ms
499 http fetch GET 200 https://registry.npmjs.org/compressible/-/compressible-2.0.18.tgz 4351ms (cache miss)
500 timing reifyNode:node_modules/compressible Completed in 4996ms
501 http fetch GET 200 https://registry.npmjs.org/compression/-/compression-1.7.4.tgz 4329ms (cache miss)
502 timing reifyNode:node_modules/compression Completed in 5014ms
503 http fetch GET 200 https://registry.npmjs.org/mime-types/-/mime-types-2.1.35.tgz 4389ms (cache miss)
504 timing reifyNode:node_modules/mime-types Completed in 5021ms
505 http fetch GET 200 https://registry.npmjs.org/engine.io-client/-/engine.io-client-3.5.3.tgz 4721ms (cache miss)
506 http fetch GET 200 https://registry.npmjs.org/debug/-/debug-4.1.1.tgz 4339ms (cache miss)
507 warn deprecated debug@4.1.1: Debug versions >=3.2.0 <3.2.7 || >=4 <4.3.1 have a low-severity ReDos regression when used in a Node.js environment. It is recommended you upgrade to 3.2.7 or 4.3.1. (https://github.com/visionmedia/debug/issues/797)
508 timing reifyNode:node_modules/engine.io/node_modules/debug Completed in 5112ms
509 timing reifyNode:node_modules/engine.io-client Completed in 5137ms
510 http fetch GET 200 https://registry.npmjs.org/debug/-/debug-4.1.1.tgz 4382ms (cache miss)
511 warn deprecated debug@4.1.1: Debug versions >=3.2.0 <3.2.7 || >=4 <4.3.1 have a low-severity ReDos regression when used in a Node.js environment. It is recommended you upgrade to 3.2.7 or 4.3.1. (https://github.com/visionmedia/debug/issues/797)
512 timing reifyNode:node_modules/socket.io/node_modules/debug Completed in 5156ms
513 http fetch GET 200 https://registry.npmjs.org/socket.io/-/socket.io-2.4.1.tgz 4549ms (cache miss)
514 timing reifyNode:node_modules/socket.io Completed in 5201ms
515 http fetch GET 200 https://registry.npmjs.org/xmlhttprequest-ssl/-/xmlhttprequest-ssl-1.6.3.tgz 4966ms (cache miss)
516 timing reifyNode:node_modules/xmlhttprequest-ssl Completed in 5227ms
517 http fetch GET 200 https://registry.npmjs.org/debug/-/debug-3.1.0.tgz 4520ms (cache miss)
518 timing reifyNode:node_modules/engine.io-client/node_modules/debug Completed in 5246ms
519 http fetch GET 200 https://registry.npmjs.org/mime/-/mime-1.6.0.tgz 4746ms (cache miss)
520 timing reifyNode:node_modules/mime Completed in 5267ms
521 http fetch GET 200 https://registry.npmjs.org/debug/-/debug-2.6.9.tgz 4650ms (cache miss)
522 timing reifyNode:node_modules/debug Completed in 5285ms
523 http fetch GET 200 https://registry.npmjs.org/mime-db/-/mime-db-1.52.0.tgz 4724ms (cache miss)
524 timing reifyNode:node_modules/mime-db Completed in 5300ms
525 http fetch GET 200 https://registry.npmjs.org/debug/-/debug-4.1.1.tgz 4605ms (cache miss)
526 warn deprecated debug@4.1.1: Debug versions >=3.2.0 <3.2.7 || >=4 <4.3.1 have a low-severity ReDos regression when used in a Node.js environment. It is recommended you upgrade to 3.2.7 or 4.3.1. (https://github.com/visionmedia/debug/issues/797)
527 timing reifyNode:node_modules/socket.io-parser/node_modules/debug Completed in 5315ms
528 http fetch GET 200 https://registry.npmjs.org/debug/-/debug-3.1.0.tgz 4643ms (cache miss)
529 timing reifyNode:node_modules/socket.io-client/node_modules/debug Completed in 5405ms
530 http fetch GET 200 https://registry.npmjs.org/engine.io/-/engine.io-3.5.0.tgz 5045ms (cache miss)
531 timing reifyNode:node_modules/engine.io Completed in 5479ms
532 http fetch GET 200 https://registry.npmjs.org/ws/-/ws-7.4.6.tgz 5079ms (cache miss)
533 timing reifyNode:node_modules/ws Completed in 5499ms
534 http fetch GET 200 https://registry.npmjs.org/gridstack/-/gridstack-0.6.4.tgz 5252ms (cache miss)
535 timing reifyNode:node_modules/gridstack Completed in 5947ms
536 http fetch GET 200 https://registry.npmjs.org/socket.io-client/-/socket.io-client-2.4.0.tgz 5592ms (cache miss)
537 timing reifyNode:node_modules/socket.io-client Completed in 6022ms
538 http fetch GET 200 https://registry.npmjs.org/jquery/-/jquery-3.6.4.tgz 6248ms (cache miss)
539 timing reifyNode:node_modules/jquery Completed in 6809ms
540 http fetch GET 200 https://registry.npmjs.org/dashboard-evi/-/dashboard-evi-1.0.2.tgz 6276ms (cache miss)
541 timing reifyNode:node_modules/dashboard-evi Completed in 6940ms
542 timing reify:unpack Completed in 6947ms
543 timing reify:unretire Completed in 1ms
544 timing build:queue Completed in 34ms
545 timing build:link:node_modules/mime Completed in 22ms
546 timing build:link Completed in 22ms
547 timing build:deps Completed in 57ms
548 timing build Completed in 57ms
549 timing reify:build Completed in 59ms
550 timing reify:trash Completed in 0ms
551 timing reify:save Completed in 39ms
552 timing reify Completed in 14602ms
553 silly ADD node_modules/yeast
554 silly ADD node_modules/xmlhttprequest-ssl
555 silly ADD node_modules/has-cors
556 silly ADD node_modules/component-inherit
557 silly ADD node_modules/to-array
558 silly ADD node_modules/parseuri
559 silly ADD node_modules/parseqs
560 silly ADD node_modules/indexof
561 silly ADD node_modules/engine.io-client
562 silly ADD node_modules/engine.io-client/node_modules/debug
563 silly ADD node_modules/component-emitter
564 silly ADD node_modules/component-bind
565 silly ADD node_modules/backo2
566 silly ADD node_modules/isarray
567 silly ADD node_modules/blob
568 silly ADD node_modules/base64-arraybuffer
569 silly ADD node_modules/arraybuffer.slice
570 silly ADD node_modules/after
571 silly ADD node_modules/ws
572 silly ADD node_modules/engine.io-parser
573 silly ADD node_modules/cookie
574 silly ADD node_modules/base64id
575 silly ADD node_modules/socket.io-parser
576 silly ADD node_modules/socket.io-parser/node_modules/ms
577 silly ADD node_modules/socket.io-parser/node_modules/debug
578 silly ADD node_modules/socket.io-parser/node_modules/component-emitter
579 silly ADD node_modules/socket.io-client
580 silly ADD node_modules/socket.io-client/node_modules/socket.io-parser
581 silly ADD node_modules/socket.io-client/node_modules/debug
582 silly ADD node_modules/socket.io-adapter
583 silly ADD node_modules/has-binary2
584 silly ADD node_modules/engine.io
585 silly ADD node_modules/engine.io/node_modules/ms
586 silly ADD node_modules/engine.io/node_modules/debug
587 silly ADD node_modules/ee-first
588 silly ADD node_modules/toidentifier
589 silly ADD node_modules/setprototypeof
590 silly ADD node_modules/inherits
591 silly ADD node_modules/statuses
592 silly ADD node_modules/range-parser
593 silly ADD node_modules/on-finished
594 silly ADD node_modules/mime
595 silly ADD node_modules/http-errors
596 silly ADD node_modules/fresh
597 silly ADD node_modules/etag
598 silly ADD node_modules/destroy
599 silly ADD node_modules/depd
600 silly ADD node_modules/send
601 silly ADD node_modules/send/node_modules/ms
602 silly ADD node_modules/parseurl
603 silly ADD node_modules/escape-html
604 silly ADD node_modules/encodeurl
605 silly ADD node_modules/jquery
606 silly ADD node_modules/ms
607 silly ADD node_modules/mime-db
608 silly ADD node_modules/negotiator
609 silly ADD node_modules/mime-types
610 silly ADD node_modules/vary
611 silly ADD node_modules/safe-buffer
612 silly ADD node_modules/on-headers
613 silly ADD node_modules/debug
614 silly ADD node_modules/compressible
615 silly ADD node_modules/bytes
616 silly ADD node_modules/accepts
617 silly ADD node_modules/socket.io
618 silly ADD node_modules/socket.io/node_modules/ms
619 silly ADD node_modules/socket.io/node_modules/debug
620 silly ADD node_modules/serve-static
621 silly ADD node_modules/gridstack
622 silly ADD node_modules/compression
623 silly ADD node_modules/dashboard-evi
624 timing command:install Completed in 14622ms
625 verbose exit 0
626 timing npm Completed in 14829ms
627 info ok
